<?xml version="1.0" encoding="UTF-8"?>
<!-- Generated by org.testng.reporters.JUnitReportReporter -->
<testsuite hostname="NgocNV2-PC" name="Testcases.OpenAccountTest" tests="1" failures="0" timestamp="12 Apr 2016 02:09:29 GMT" time="5.681" errors="0">
  <testcase name="openAccount" time="5.681" classname="Testcases.OpenAccountTest"/>
</testsuite> <!-- Testcases.OpenAccountTest -->
