<?xml version="1.0" encoding="UTF-8"?>
<!-- Generated by org.testng.reporters.JUnitReportReporter -->
<testsuite hostname="NgocNV2-PC" name="Testcases.OpenAccountTest" tests="1" failures="0" timestamp="6 Apr 2016 07:21:40 GMT" time="3.862" errors="0">
  <testcase name="openAccount" time="3.862" classname="Testcases.OpenAccountTest"/>
</testsuite> <!-- Testcases.OpenAccountTest -->
