<?xml version="1.0" encoding="UTF-8"?>
<!-- Generated by org.testng.reporters.JUnitReportReporter -->
<testsuite hostname="NgocNV2-PC" name="Testcases.OpenIndividualFatcaTest" tests="1" failures="0" timestamp="2 Mar 2016 04:33:05 GMT" time="9.206" errors="0">
  <testcase name="openIndividualFatca" time="9.206" classname="Testcases.OpenIndividualFatcaTest"/>
</testsuite> <!-- Testcases.OpenIndividualFatcaTest -->
