<?xml version="1.0" encoding="UTF-8"?>
<!-- Generated by org.testng.reporters.JUnitReportReporter -->
<testsuite hostname="NgocNV2-PC" name="Testcases.OpenIndividualCustomerTest" tests="12" failures="0" timestamp="21 Mar 2016 03:48:29 GMT" time="268.254" errors="1">
  <testcase name="OpenIndividualCustomer" time="21.067" classname="Testcases.OpenIndividualCustomerTest"/>
  <testcase name="OpenIndividualCustomer" time="19.920" classname="Testcases.OpenIndividualCustomerTest">
    <error type="java.util.NoSuchElementException">
      <![CDATA[java.util.NoSuchElementException
	at java.util.LinkedHashMap$LinkedHashIterator.nextNode(LinkedHashMap.java:713)
	at java.util.LinkedHashMap$LinkedKeyIterator.next(LinkedHashMap.java:734)
	at Testcases.SignInTest.switchChildId(SignInTest.java:97)
	at Testcases.SignInTest.navigateToVersion(SignInTest.java:86)
	at Testcases.OpenIndividualCustomerTest.OpenIndividualCustomer(OpenIndividualCustomerTest.java:171)
	at sun.reflect.NativeMethodAccessorImpl.invoke0(Native Method)
	at sun.reflect.NativeMethodAccessorImpl.invoke(NativeMethodAccessorImpl.java:62)
	at sun.reflect.DelegatingMethodAccessorImpl.invoke(DelegatingMethodAccessorImpl.java:43)
	at java.lang.reflect.Method.invoke(Method.java:497)
	at org.testng.internal.MethodInvocationHelper.invokeMethod(MethodInvocationHelper.java:86)
	at org.testng.internal.Invoker.invokeMethod(Invoker.java:643)
	at org.testng.internal.Invoker.invokeTestMethod(Invoker.java:820)
	at org.testng.internal.Invoker.invokeTestMethods(Invoker.java:1128)
	at org.testng.internal.TestMethodWorker.invokeTestMethods(TestMethodWorker.java:129)
	at org.testng.internal.TestMethodWorker.run(TestMethodWorker.java:112)
	at org.testng.TestRunner.privateRun(TestRunner.java:782)
	at org.testng.TestRunner.run(TestRunner.java:632)
	at org.testng.SuiteRunner.runTest(SuiteRunner.java:366)
	at org.testng.SuiteRunner.runSequentially(SuiteRunner.java:361)
	at org.testng.SuiteRunner.privateRun(SuiteRunner.java:319)
	at org.testng.SuiteRunner.run(SuiteRunner.java:268)
	at org.testng.SuiteRunnerWorker.runSuite(SuiteRunnerWorker.java:52)
	at org.testng.SuiteRunnerWorker.run(SuiteRunnerWorker.java:86)
	at org.testng.TestNG.runSuitesSequentially(TestNG.java:1244)
	at org.testng.TestNG.runSuitesLocally(TestNG.java:1169)
	at org.testng.TestNG.run(TestNG.java:1064)
	at org.testng.remote.RemoteTestNG.run(RemoteTestNG.java:113)
	at org.testng.remote.RemoteTestNG.initAndRun(RemoteTestNG.java:206)
	at org.testng.remote.RemoteTestNG.main(RemoteTestNG.java:177)
]]>
    </error>
  </testcase> <!-- OpenIndividualCustomer -->
  <testcase name="OpenIndividualCustomer" time="21.864" classname="Testcases.OpenIndividualCustomerTest"/>
  <testcase name="OpenIndividualCustomer" time="21.275" classname="Testcases.OpenIndividualCustomerTest"/>
  <testcase name="OpenIndividualCustomer" time="21.256" classname="Testcases.OpenIndividualCustomerTest"/>
  <testcase name="OpenIndividualCustomer" time="29.067" classname="Testcases.OpenIndividualCustomerTest"/>
  <testcase name="OpenIndividualCustomer" time="21.219" classname="Testcases.OpenIndividualCustomerTest"/>
  <testcase name="OpenIndividualCustomer" time="21.666" classname="Testcases.OpenIndividualCustomerTest"/>
  <testcase name="OpenIndividualCustomer" time="20.800" classname="Testcases.OpenIndividualCustomerTest"/>
  <testcase name="OpenIndividualCustomer" time="24.452" classname="Testcases.OpenIndividualCustomerTest"/>
  <testcase name="OpenIndividualCustomer" time="24.059" classname="Testcases.OpenIndividualCustomerTest"/>
  <testcase name="OpenIndividualCustomer" time="21.609" classname="Testcases.OpenIndividualCustomerTest"/>
</testsuite> <!-- Testcases.OpenIndividualCustomerTest -->
