<?xml version="1.0" encoding="UTF-8"?>
<!-- Generated by org.testng.reporters.JUnitReportReporter -->
<testsuite hostname="NgocNV2-PC" name="Testcases.FundTransferTest" tests="1" failures="0" timestamp="1 Apr 2016 09:11:07 GMT" time="21.271" errors="0">
  <testcase name="fundTransfer" time="21.271" classname="Testcases.FundTransferTest"/>
</testsuite> <!-- Testcases.FundTransferTest -->
