<?xml version="1.0" encoding="UTF-8"?>
<!-- Generated by org.testng.reporters.JUnitReportReporter -->
<testsuite hostname="NgocNV2-PC" name="Testcases.OpenAccountTest" tests="36" failures="0" timestamp="15 Mar 2016 07:23:20 GMT" time="682.456" errors="1">
  <testcase name="openAccount" time="20.350" classname="Testcases.OpenAccountTest"/>
  <testcase name="openAccount" time="18.882" classname="Testcases.OpenAccountTest"/>
  <testcase name="openAccount" time="20.935" classname="Testcases.OpenAccountTest"/>
  <testcase name="openAccount" time="20.241" classname="Testcases.OpenAccountTest"/>
  <testcase name="openAccount" time="17.813" classname="Testcases.OpenAccountTest"/>
  <testcase name="openAccount" time="18.245" classname="Testcases.OpenAccountTest"/>
  <testcase name="openAccount" time="18.273" classname="Testcases.OpenAccountTest"/>
  <testcase name="openAccount" time="20.565" classname="Testcases.OpenAccountTest"/>
  <testcase name="openAccount" time="18.624" classname="Testcases.OpenAccountTest"/>
  <testcase name="openAccount" time="21.962" classname="Testcases.OpenAccountTest"/>
  <testcase name="openAccount" time="18.578" classname="Testcases.OpenAccountTest"/>
  <testcase name="openAccount" time="19.282" classname="Testcases.OpenAccountTest"/>
  <testcase name="openAccount" time="18.866" classname="Testcases.OpenAccountTest"/>
  <testcase name="openAccount" time="19.913" classname="Testcases.OpenAccountTest"/>
  <testcase name="openAccount" time="20.352" classname="Testcases.OpenAccountTest"/>
  <testcase name="openAccount" time="18.893" classname="Testcases.OpenAccountTest"/>
  <testcase name="openAccount" time="18.365" classname="Testcases.OpenAccountTest"/>
  <testcase name="openAccount" time="19.468" classname="Testcases.OpenAccountTest"/>
  <testcase name="openAccount" time="18.845" classname="Testcases.OpenAccountTest"/>
  <testcase name="openAccount" time="5.335" classname="Testcases.OpenAccountTest">
    <error type="java.util.NoSuchElementException">
      <![CDATA[java.util.NoSuchElementException
	at java.util.LinkedHashMap$LinkedHashIterator.nextNode(LinkedHashMap.java:713)
	at java.util.LinkedHashMap$LinkedKeyIterator.next(LinkedHashMap.java:734)
	at Testcases.SignInTest.switchChildId(SignInTest.java:97)
	at Testcases.SignInTest.navigateToVersion(SignInTest.java:86)
	at Testcases.OpenAccountTest.openAccount(OpenAccountTest.java:44)
	at sun.reflect.GeneratedMethodAccessor9.invoke(Unknown Source)
	at sun.reflect.DelegatingMethodAccessorImpl.invoke(DelegatingMethodAccessorImpl.java:43)
	at java.lang.reflect.Method.invoke(Method.java:497)
	at org.testng.internal.MethodInvocationHelper.invokeMethod(MethodInvocationHelper.java:86)
	at org.testng.internal.Invoker.invokeMethod(Invoker.java:643)
	at org.testng.internal.Invoker.invokeTestMethod(Invoker.java:820)
	at org.testng.internal.Invoker.invokeTestMethods(Invoker.java:1128)
	at org.testng.internal.TestMethodWorker.invokeTestMethods(TestMethodWorker.java:129)
	at org.testng.internal.TestMethodWorker.run(TestMethodWorker.java:112)
	at org.testng.TestRunner.privateRun(TestRunner.java:782)
	at org.testng.TestRunner.run(TestRunner.java:632)
	at org.testng.SuiteRunner.runTest(SuiteRunner.java:366)
	at org.testng.SuiteRunner.runSequentially(SuiteRunner.java:361)
	at org.testng.SuiteRunner.privateRun(SuiteRunner.java:319)
	at org.testng.SuiteRunner.run(SuiteRunner.java:268)
	at org.testng.SuiteRunnerWorker.runSuite(SuiteRunnerWorker.java:52)
	at org.testng.SuiteRunnerWorker.run(SuiteRunnerWorker.java:86)
	at org.testng.TestNG.runSuitesSequentially(TestNG.java:1244)
	at org.testng.TestNG.runSuitesLocally(TestNG.java:1169)
	at org.testng.TestNG.run(TestNG.java:1064)
	at org.testng.remote.RemoteTestNG.run(RemoteTestNG.java:113)
	at org.testng.remote.RemoteTestNG.initAndRun(RemoteTestNG.java:206)
	at org.testng.remote.RemoteTestNG.main(RemoteTestNG.java:177)
]]>
    </error>
  </testcase> <!-- openAccount -->
  <testcase name="openAccount" time="17.944" classname="Testcases.OpenAccountTest"/>
  <testcase name="openAccount" time="18.855" classname="Testcases.OpenAccountTest"/>
  <testcase name="openAccount" time="18.926" classname="Testcases.OpenAccountTest"/>
  <testcase name="openAccount" time="21.685" classname="Testcases.OpenAccountTest"/>
  <testcase name="openAccount" time="18.875" classname="Testcases.OpenAccountTest"/>
  <testcase name="openAccount" time="21.237" classname="Testcases.OpenAccountTest"/>
  <testcase name="openAccount" time="22.689" classname="Testcases.OpenAccountTest"/>
  <testcase name="openAccount" time="18.339" classname="Testcases.OpenAccountTest"/>
  <testcase name="openAccount" time="19.155" classname="Testcases.OpenAccountTest"/>
  <testcase name="openAccount" time="17.730" classname="Testcases.OpenAccountTest"/>
  <testcase name="openAccount" time="17.384" classname="Testcases.OpenAccountTest"/>
  <testcase name="openAccount" time="17.664" classname="Testcases.OpenAccountTest"/>
  <testcase name="openAccount" time="18.160" classname="Testcases.OpenAccountTest"/>
  <testcase name="openAccount" time="18.423" classname="Testcases.OpenAccountTest"/>
  <testcase name="openAccount" time="21.087" classname="Testcases.OpenAccountTest"/>
  <testcase name="openAccount" time="20.516" classname="Testcases.OpenAccountTest"/>
</testsuite> <!-- Testcases.OpenAccountTest -->
