<?xml version="1.0" encoding="UTF-8"?>
<!-- Generated by org.testng.reporters.JUnitReportReporter -->
<testsuite hostname="NgocNV2-PC" name="Testcases.OpenLimitControlTest" tests="1" failures="0" timestamp="18 Mar 2016 06:36:47 GMT" time="15.582" errors="0">
  <testcase name="OpenLimitControl" time="15.582" classname="Testcases.OpenLimitControlTest"/>
</testsuite> <!-- Testcases.OpenLimitControlTest -->
